<?xml version="1.0" encoding="UTF-8"?>
<!-- Generated by org.testng.reporters.JUnitReportReporter -->
<testsuite hostname="SA-NFARUQ-LT" failures="0" tests="1" name="com.qa.ecs.regression.LoginPageTest" time="11.193" errors="0" timestamp="02 Oct 2023 18:44:01 GMT" skipped="0">
  <testcase classname="com.qa.ecs.regression.LoginPageTest" name="addAccountsWithFunds" time="11.193"/>
</testsuite> <!-- com.qa.ecs.regression.LoginPageTest -->
