<?xml version="1.0" encoding="UTF-8"?>
<!-- Generated by org.testng.reporters.JUnitReportReporter -->
<testsuite hostname="SA-NFARUQ-LT" failures="0" tests="1" name="com.qa.ecs.smoke.HomePageTest" time="93.012" errors="0" timestamp="28 Jun 2023 20:11:29 GMT" skipped="0">
  <testcase classname="com.qa.ecs.smoke.HomePageTest" name="TC002_sampleTest" time="93.012"/>
</testsuite> <!-- com.qa.ecs.smoke.HomePageTest -->
