<?xml version="1.0" encoding="UTF-8"?>
<!-- Generated by org.testng.reporters.JUnitReportReporter -->
<testsuite hostname="SA-NFARUQ-LT" failures="0" tests="1" name="com.qa.ecs.smoke.ConsumerTest2" time="522.929" errors="0" timestamp="10 Oct 2023 16:34:50 GMT" skipped="0">
  <testcase classname="com.qa.ecs.smoke.ConsumerTest2" name="ECS133_ValidateDisputeTransaction" time="522.929"/>
</testsuite> <!-- com.qa.ecs.smoke.ConsumerTest2 -->
